<?xml version="1.0" encoding="UTF-8"?>
<!-- Generated by org.testng.reporters.JUnitXMLReporter -->
<testsuite ignored="0" hostname="Kavin" failures="2" tests="3" name="Test" time="15.858" errors="0" timestamp="2024-07-25T16:01:56 IST">
  <testcase classname="TestCases.TC_01_Login" name="TC_01_Login" time="2.069">
    <failure type="java.lang.AssertionError" message="expected [true] but found [false]">
      <![CDATA[java.lang.AssertionError: expected [true] but found [false]
at TestCases.TC_01_Login.TC_01_Login(TC_01_Login.java:16)
at java.base/java.util.ArrayList.forEach(ArrayList.java:1596)
... Removed 29 stack frames]]>
    </failure>
  </testcase> <!-- TC_01_Login -->
  <testcase classname="TestCases.TC_01_Login" name="TC_01_Login" time="3.001"/>
  <testcase classname="TestCases.TC_02_AppBook" name="TC_02_AppBook" time="0.0">
    <failure type="org.testng.TestNGException" message="
Cannot inject @Test annotated Method [TC_02_AppBook] with [class java.lang.String].
For more information on native dependency injection please refer to https://testng.org/doc/documentation-main.html#native-dependency-injection">
      <![CDATA[org.testng.TestNGException: 
Cannot inject @Test annotated Method [TC_02_AppBook] with [class java.lang.String].
For more information on native dependency injection please refer to https://testng.org/doc/documentation-main.html#native-dependency-injection
at java.base/java.util.ArrayList.forEach(ArrayList.java:1596)
... Removed 26 stack frames]]>
    </failure>
  </testcase> <!-- TC_02_AppBook -->
</testsuite> <!-- Test -->
